2024-11-20 20:27:02,567 - INFO - Модель успешно загружена
2024-11-20 20:27:02,568 - INFO - Голосовой помощник запущен. Скажите что-нибудь...
2024-11-20 20:27:10,669 - INFO - Вы сказали: правильно
2024-11-20 20:27:37,827 - INFO - Модель успешно загружена
2024-11-20 20:27:37,828 - INFO - Голосовой помощник запущен. Скажите что-нибудь...
2024-11-20 20:28:54,660 - INFO - Модель успешно загружена
2024-11-20 20:28:54,661 - INFO - Голосовой помощник запущен. Скажите что-нибудь...
2024-11-20 20:30:22,923 - INFO - Модель успешно загружена
2024-11-20 20:30:22,924 - INFO - Голосовой помощник запущен. Скажите что-нибудь...
2024-11-20 20:30:29,181 - INFO - Вы сказали: открой в браузере
2024-11-20 20:30:38,181 - INFO - Вы сказали: открой браузер
2024-11-20 20:30:45,685 - INFO - Вы сказали: открой с тем
2024-11-20 20:30:51,686 - INFO - Вы сказали: открой с тем
2024-11-20 20:31:08,683 - INFO - Вы сказали: для чего играть
2024-11-20 20:31:15,180 - INFO - Вы сказали: хочу играть
2024-11-20 20:33:31,131 - INFO - Модель успешно загружена
2024-11-20 20:33:31,133 - INFO - Голосовой помощник запущен. Скажите что-нибудь...
2024-11-20 20:33:36,155 - INFO - Вы сказали: хочу играть
2024-11-20 20:34:24,155 - INFO - Вы сказали: открой телеграмм
2024-11-20 20:34:32,659 - INFO - Вы сказали: все
2024-12-11 20:47:39,394 - INFO - Модель успешно загружена на cpu
2024-12-11 20:47:40,211 - INFO - Модель успешно загружена
2024-12-11 20:47:45,686 - INFO - Синтез речи...
2024-12-11 20:47:51,748 - INFO - Синтез завершен, воспроизведение...
2024-12-11 20:47:53,049 - INFO - Воспроизведение завершено
2024-12-11 20:47:53,051 - INFO - Голосовой помощник запущен. Скажите что-нибудь...
2024-12-11 20:47:59,254 - INFO - Вы сказали: эндерс сыграем в городах
2024-12-11 20:48:04,263 - INFO - Вы сказали: эмбер сыграем города
2024-12-11 20:48:12,254 - INFO - Вы сказали: вы включи фильм
2024-12-11 20:48:16,754 - INFO - Вы сказали: эмбер включи фильм
2024-12-11 20:48:16,754 - INFO - Синтез речи...
2024-12-11 20:48:26,107 - INFO - Синтез завершен, воспроизведение...
2024-12-11 20:48:29,716 - INFO - Воспроизведение завершено
2024-12-11 20:48:45,183 - INFO - Синтез речи...
2024-12-11 20:48:47,021 - INFO - Синтез завершен, воспроизведение...
2024-12-11 20:48:50,658 - INFO - Воспроизведение завершено
2024-12-11 20:48:50,658 - INFO - Синтез речи...
2024-12-11 20:48:50,858 - INFO - Синтез завершен, воспроизведение...
2024-12-11 20:48:55,369 - INFO - Воспроизведение завершено
2024-12-11 20:52:50,996 - INFO - Модель успешно загружена на cpu
2024-12-11 20:52:51,713 - INFO - Модель успешно загружена
2024-12-11 20:52:53,668 - INFO - Синтез речи...
2024-12-11 20:52:58,925 - INFO - Синтез завершен, воспроизведение...
2024-12-11 20:53:00,789 - INFO - Воспроизведение завершено
2024-12-11 20:53:00,790 - INFO - Голосовой помощник запущен. Скажите что-нибудь...
2024-12-11 20:53:10,544 - INFO - Вы сказали: эмбер включи фильмах
2024-12-11 20:53:10,544 - INFO - Синтез речи...
2024-12-11 20:53:18,481 - INFO - Синтез завершен, воспроизведение...
2024-12-11 20:53:22,025 - INFO - Воспроизведение завершено
2024-12-11 20:53:25,045 - INFO - Синтез речи...
2024-12-11 20:53:26,614 - INFO - Синтез завершен, воспроизведение...
2024-12-11 20:53:30,301 - INFO - Воспроизведение завершено
2024-12-11 20:55:04,020 - INFO - Модель успешно загружена на cpu
2024-12-11 20:55:04,785 - INFO - Модель успешно загружена
